<?xml version="1.0" encoding="UTF-8"?>
<testng-results ignored="0" total="2" passed="2" failed="0" skipped="0">
  <reporter-output>
  </reporter-output>
  <suite started-at="2024-12-23T18:44:37 IST" name="Suite" finished-at="2024-12-23T18:44:48 IST" duration-ms="11603">
    <groups>
      <group name="regression">
        <method signature="TC01_AccountRegisterationTest.verify_account_registration()[pri:0, instance:testCases.TC01_AccountRegisterationTest@4567f35d]" name="verify_account_registration" class="testCases.TC01_AccountRegisterationTest"/>
      </group> <!-- regression -->
      <group name="sanity">
        <method signature="TC02_LoginPageTest.verify_LoginPage()[pri:0, instance:testCases.TC02_LoginPageTest@4f6ee6e4]" name="verify_LoginPage" class="testCases.TC02_LoginPageTest"/>
      </group> <!-- sanity -->
      <group name="master">
        <method signature="TC01_AccountRegisterationTest.verify_account_registration()[pri:0, instance:testCases.TC01_AccountRegisterationTest@4567f35d]" name="verify_account_registration" class="testCases.TC01_AccountRegisterationTest"/>
        <method signature="TC02_LoginPageTest.verify_LoginPage()[pri:0, instance:testCases.TC02_LoginPageTest@4f6ee6e4]" name="verify_LoginPage" class="testCases.TC02_LoginPageTest"/>
      </group> <!-- master -->
    </groups>
    <test started-at="2024-12-23T18:44:37 IST" name="Test" finished-at="2024-12-23T18:44:48 IST" duration-ms="11603">
      <class name="testCases.TC01_AccountRegisterationTest">
        <test-method is-config="true" signature="setUp(java.lang.String,java.lang.String)[pri:0, instance:testCases.TC01_AccountRegisterationTest@4567f35d]" started-at="2024-12-23T18:44:37 IST" name="setUp" finished-at="2024-12-23T18:44:41 IST" duration-ms="3755" status="PASS">
          <params>
            <param index="0">
              <value>
                <![CDATA[Windows]]>
              </value>
            </param>
            <param index="1">
              <value>
                <![CDATA[chrome]]>
              </value>
            </param>
          </params>
          <reporter-output>
          </reporter-output>
        </test-method> <!-- setUp -->
        <test-method signature="verify_account_registration()[pri:0, instance:testCases.TC01_AccountRegisterationTest@4567f35d]" started-at="2024-12-23T18:44:41 IST" name="verify_account_registration" finished-at="2024-12-23T18:44:43 IST" duration-ms="2535" status="PASS">
          <reporter-output>
          </reporter-output>
        </test-method> <!-- verify_account_registration -->
        <test-method is-config="true" signature="tearDown()[pri:0, instance:testCases.TC01_AccountRegisterationTest@4567f35d]" started-at="2024-12-23T18:44:43 IST" name="tearDown" finished-at="2024-12-23T18:44:44 IST" duration-ms="195" status="PASS">
          <reporter-output>
          </reporter-output>
        </test-method> <!-- tearDown -->
      </class> <!-- testCases.TC01_AccountRegisterationTest -->
      <class name="testCases.TC02_LoginPageTest">
        <test-method is-config="true" signature="setUp(java.lang.String,java.lang.String)[pri:0, instance:testCases.TC02_LoginPageTest@4f6ee6e4]" started-at="2024-12-23T18:44:44 IST" name="setUp" finished-at="2024-12-23T18:44:46 IST" duration-ms="2897" status="PASS">
          <params>
            <param index="0">
              <value>
                <![CDATA[Windows]]>
              </value>
            </param>
            <param index="1">
              <value>
                <![CDATA[chrome]]>
              </value>
            </param>
          </params>
          <reporter-output>
          </reporter-output>
        </test-method> <!-- setUp -->
        <test-method signature="verify_LoginPage()[pri:0, instance:testCases.TC02_LoginPageTest@4f6ee6e4]" started-at="2024-12-23T18:44:46 IST" name="verify_LoginPage" finished-at="2024-12-23T18:44:48 IST" duration-ms="1696" status="PASS">
          <reporter-output>
          </reporter-output>
        </test-method> <!-- verify_LoginPage -->
        <test-method is-config="true" signature="tearDown()[pri:0, instance:testCases.TC02_LoginPageTest@4f6ee6e4]" started-at="2024-12-23T18:44:48 IST" name="tearDown" finished-at="2024-12-23T18:44:48 IST" duration-ms="252" status="PASS">
          <reporter-output>
          </reporter-output>
        </test-method> <!-- tearDown -->
      </class> <!-- testCases.TC02_LoginPageTest -->
    </test> <!-- Test -->
  </suite> <!-- Suite -->
</testng-results>
